<?xml version="1.0" encoding="UTF-8"?>
<!-- Generated by org.testng.reporters.JUnitXMLReporter -->
<testsuite ignored="0" hostname="DESKTOP-BRJV757" failures="0" tests="6" name="Edge Test" time="15.863" errors="0" timestamp="2023-06-25T17:20:32 IST">
  <testcase classname="org.Capstone.testCases.TestCase1" name="scenario1" time="0.0">
    <skipped/>
  </testcase> <!-- scenario1 -->
  <testcase classname="org.Capstone.testCases.TestCase2" name="scenario1" time="0.0">
    <skipped/>
  </testcase> <!-- scenario1 -->
  <testcase classname="org.Capstone.testCases.TestCase3" name="scenario1" time="0.0">
    <skipped/>
  </testcase> <!-- scenario1 -->
  <testcase classname="org.Capstone.testCases.TestCase4" name="scenario1" time="0.0">
    <skipped/>
  </testcase> <!-- scenario1 -->
  <testcase classname="org.Capstone.testCases.TestCase5" name="scenario1" time="0.0">
    <skipped/>
  </testcase> <!-- scenario1 -->
  <testcase classname="org.Capstone.testCases.TestCase6" name="scenario1" time="0.001">
    <skipped/>
  </testcase> <!-- scenario1 -->
</testsuite> <!-- Edge Test -->
